<?xml version="1.0" encoding="UTF-8"?>
<testsuite name="ejemplo.pruebas.ParqueaderoTest" tests="2" skipped="0" failures="0" errors="0" timestamp="2018-05-28T00:10:42" hostname="Andre" time="0.18">
  <properties/>
  <testcase name="intentarIngresarVehiculoAlParqueaderoTest" classname="ejemplo.pruebas.ParqueaderoTest" time="0.179"/>
  <testcase name="primeraLetraDeCadenaTest" classname="ejemplo.pruebas.ParqueaderoTest" time="0.0"/>
  <system-out><![CDATA[]]></system-out>
  <system-err><![CDATA[]]></system-err>
</testsuite>
