<?xml version="1.0" encoding="UTF-8"?>
<testsuite name="ejemplo.pruebas.TarifaTest" tests="4" skipped="0" failures="0" errors="0" timestamp="2018-05-28T00:10:42" hostname="Andre" time="0.004">
  <properties/>
  <testcase name="calcularValorPorHoraTest" classname="ejemplo.pruebas.TarifaTest" time="0.0"/>
  <testcase name="crearTarifaTest" classname="ejemplo.pruebas.TarifaTest" time="0.001"/>
  <testcase name="calcularValorAdicionalPorCilindrajeSiEsMotoTest" classname="ejemplo.pruebas.TarifaTest" time="0.0"/>
  <testcase name="calcularValorPorDiaTest" classname="ejemplo.pruebas.TarifaTest" time="0.0"/>
  <system-out><![CDATA[]]></system-out>
  <system-err><![CDATA[]]></system-err>
</testsuite>
